{
  "RSpec": {
    "coverage": {
      "/Users/jus/turing/2module/projects/LaughTracks/config/environment.rb": [
        1,
        1,
        null,
        null,
        1,
        null,
        null,
        2,
        null,
        null,
        3,
        null,
        null,
        1,
        null,
        null,
        1,
        1,
        1,
        1,
        1,
        null,
        null
      ],
      "/Users/jus/turing/2module/projects/LaughTracks/app/controllers/laugh_tracks_app.rb": [
        1,
        1,
        null,
        1,
        24,
        24,
        24,
        24,
        24,
        null,
        null,
        1,
        2,
        null,
        null,
        1,
        1,
        1,
        null,
        null,
        1,
        3,
        3,
        null,
        null
      ],
      "/Users/jus/turing/2module/projects/LaughTracks/app/models/special.rb": [
        1,
        1,
        null,
        1,
        null,
        1,
        26,
        7,
        1,
        null,
        6,
        null,
        null,
        19,
        null,
        null,
        null,
        1,
        26,
        7,
        null,
        19,
        null,
        null,
        null,
        null
      ],
      "/Users/jus/turing/2module/projects/LaughTracks/app/models/comedian.rb": [
        1,
        1,
        1,
        1,
        null,
        1,
        null,
        1,
        47,
        null,
        null,
        1,
        26,
        7,
        null,
        19,
        null,
        null,
        null,
        1,
        29,
        7,
        22,
        6,
        6,
        2,
        null,
        null,
        16,
        null,
        29,
        null,
        null,
        null
      ],
      "/Users/jus/turing/2module/projects/LaughTracks/config/database.rb": [
        null,
        1,
        1,
        null,
        null,
        1,
        1,
        null,
        null,
        null,
        null,
        null,
        null,
        null
      ],
      "/Users/jus/turing/2module/projects/LaughTracks/spec/features/individual_comic_spec.rb": [
        1,
        1,
        1,
        2,
        2,
        2,
        null,
        2,
        2,
        2,
        null,
        2,
        2,
        2,
        2,
        null,
        null,
        1,
        1,
        1,
        1,
        null,
        null,
        1,
        1,
        1,
        1,
        null,
        null,
        null
      ],
      "/Users/jus/turing/2module/projects/LaughTracks/spec/features/main_page_spec.rb": [
        1,
        1,
        1,
        13,
        13,
        13,
        null,
        13,
        13,
        13,
        null,
        13,
        13,
        13,
        13,
        null,
        null,
        1,
        1,
        1,
        1,
        1,
        null,
        1,
        1,
        1,
        null,
        1,
        1,
        null,
        null,
        null,
        1,
        1,
        1,
        null,
        1,
        1,
        null,
        null,
        1,
        1,
        1,
        null,
        1,
        1,
        null,
        null,
        1,
        1,
        1,
        null,
        1,
        1,
        1,
        1,
        null,
        null,
        1,
        1,
        1,
        null,
        1,
        1,
        null,
        null,
        1,
        1,
        1,
        1,
        1,
        1,
        1,
        null,
        null,
        1,
        1,
        1,
        1,
        1,
        1,
        null,
        null,
        1,
        1,
        1,
        1,
        1,
        null,
        null,
        null,
        1,
        1,
        1,
        1,
        null,
        null,
        1,
        1,
        1,
        1,
        1,
        1,
        1,
        null,
        null,
        1,
        1,
        1,
        1,
        1,
        1,
        1,
        1,
        null,
        null,
        1,
        1,
        1,
        1,
        null,
        1,
        1,
        1,
        1,
        1,
        1,
        1,
        1,
        null,
        null,
        1,
        1,
        1,
        1,
        1,
        1,
        1,
        1,
        null,
        null,
        null
      ],
      "/Users/jus/turing/2module/projects/LaughTracks/spec/features/new_page_spec.rb": [
        1,
        1,
        1,
        1,
        1,
        null,
        null,
        1,
        1,
        1,
        null,
        1,
        null,
        1,
        1,
        1,
        1,
        null,
        1,
        1,
        1,
        1,
        1,
        null,
        1,
        1,
        null,
        null,
        null
      ],
      "/Users/jus/turing/2module/projects/LaughTracks/spec/models/comedian_spec.rb": [
        1,
        1,
        1,
        1,
        1,
        1,
        null,
        null,
        1,
        1,
        1,
        null,
        null,
        null,
        null,
        1,
        1,
        1,
        1,
        1,
        1,
        1,
        1,
        null,
        null,
        1,
        1,
        1,
        1,
        1,
        1,
        null,
        null,
        1,
        1,
        1,
        1,
        1,
        1,
        1,
        1,
        1,
        1,
        1,
        1,
        1,
        1,
        1,
        1,
        1,
        1,
        null,
        null,
        null
      ],
      "/Users/jus/turing/2module/projects/LaughTracks/spec/models/special_spec.rb": [
        1,
        1,
        1,
        1,
        1,
        1,
        null,
        null,
        null,
        null,
        1,
        1,
        1,
        1,
        1,
        null,
        1,
        1,
        1,
        null,
        1,
        1,
        null,
        null,
        1,
        1,
        1,
        1,
        null,
        1,
        1,
        1,
        null,
        1,
        1,
        null,
        null,
        null
      ]
    },
    "timestamp": 1543794578
  }
}
